<?xml version="1.0" encoding="UTF-8"?>
<!-- Generated by org.testng.reporters.JUnitXMLReporter -->
<testsuite hostname="DESKTOP-MBD2ILJ" ignored="1" name="Default test" tests="1" failures="0" timestamp="31 Jul 2019 15:44:04 GMT" time="9.28" errors="0">
  <testcase name="openFacebookURL" time="3.664" classname="com.test.FacebookTestCases"/>
  <testcase name="changeLanguage" time="0.0" classname="com.test.FacebookTestCases">
    <ignored/>
  </testcase> <!-- changeLanguage -->
</testsuite> <!-- Default test -->
