<?xml version="1.0" encoding="UTF-8"?>
<testng-results skipped="0" failed="0" ignored="1" total="2" passed="1">
  <reporter-output>
  </reporter-output>
  <suite name="Default suite" duration-ms="9280" started-at="2019-07-31T15:43:54Z" finished-at="2019-07-31T15:44:04Z">
    <groups>
    </groups>
    <test name="Default test" duration-ms="9280" started-at="2019-07-31T15:43:54Z" finished-at="2019-07-31T15:44:04Z">
      <class name="com.test.FacebookTestCases">
        <test-method status="PASS" signature="beforeTest()[pri:0, instance:com.test.FacebookTestCases@59f99ea]" name="beforeTest" is-config="true" duration-ms="4636" started-at="2019-07-31T15:43:54Z" finished-at="2019-07-31T15:43:59Z">
          <reporter-output>
          </reporter-output>
        </test-method> <!-- beforeTest -->
        <test-method status="PASS" signature="openFacebookURL()[pri:0, instance:com.test.FacebookTestCases@59f99ea]" name="openFacebookURL" duration-ms="3664" started-at="2019-07-31T15:43:59Z" finished-at="2019-07-31T15:44:03Z">
          <reporter-output>
          </reporter-output>
        </test-method> <!-- openFacebookURL -->
        <test-method status="PASS" signature="afterTest()[pri:0, instance:com.test.FacebookTestCases@59f99ea]" name="afterTest" is-config="true" duration-ms="949" started-at="2019-07-31T15:44:03Z" finished-at="2019-07-31T15:44:04Z">
          <reporter-output>
          </reporter-output>
        </test-method> <!-- afterTest -->
      </class> <!-- com.test.FacebookTestCases -->
    </test> <!-- Default test -->
  </suite> <!-- Default suite -->
</testng-results>
